<?xml version="1.0" encoding="UTF-8"?>
<robot generator="Robot 5.0 (Python 3.10.4 on win32)" generated="20220506 02:51:20.449" rpa="false" schemaversion="3">
<suite id="s1" name="Agoda" source="C:\Users\ALAN LIEW\Downloads\Robot\agoda.robot">
<test id="s1-t1" name="Testcase1-OpenBrowser" line="9">
<kw name="Open Browser" library="SeleniumLibrary">
<arg>${url}</arg>
<arg>${browser}</arg>
<doc>Opens a new browser instance to the optional ``url``.</doc>
<msg timestamp="20220506 02:51:20.987" level="INFO">Opening browser 'chrome' to base url 'https://agoda.com'.</msg>
<status status="PASS" starttime="20220506 02:51:20.986" endtime="20220506 02:51:29.070"/>
</kw>
<kw name="Close Browser" library="SeleniumLibrary">
<doc>Closes the current browser.</doc>
<status status="PASS" starttime="20220506 02:51:29.073" endtime="20220506 02:51:32.087"/>
</kw>
<status status="PASS" starttime="20220506 02:51:20.984" endtime="20220506 02:51:32.088"/>
</test>
<test id="s1-t2" name="Testcase2-RightNavigation" line="13">
<kw name="Open Browser" library="SeleniumLibrary">
<arg>${url}</arg>
<arg>${browser}</arg>
<doc>Opens a new browser instance to the optional ``url``.</doc>
<msg timestamp="20220506 02:51:32.093" level="INFO">Opening browser 'chrome' to base url 'https://agoda.com'.</msg>
<status status="PASS" starttime="20220506 02:51:32.093" endtime="20220506 02:51:40.357"/>
</kw>
<kw name="Title Should Be" library="SeleniumLibrary">
<arg>Agoda Official Site | Free Cancellation &amp; Booking Deals | Over 2 Million Hotels</arg>
<doc>Verifies that the current page title equals ``title``.</doc>
<msg timestamp="20220506 02:51:41.520" level="INFO" html="true">&lt;/td&gt;&lt;/tr&gt;&lt;tr&gt;&lt;td colspan="3"&gt;&lt;a href="selenium-screenshot-4.png"&gt;&lt;img src="selenium-screenshot-4.png" width="800px"&gt;&lt;/a&gt;</msg>
<msg timestamp="20220506 02:51:41.522" level="FAIL">Title should have been 'Agoda Official Site | Free Cancellation &amp; Booking Deals | Over 2 Million Hotels' but was ''.</msg>
<status status="FAIL" starttime="20220506 02:51:40.359" endtime="20220506 02:51:41.527"/>
</kw>
<kw name="Close Browser" library="SeleniumLibrary">
<doc>Closes the current browser.</doc>
<status status="NOT RUN" starttime="20220506 02:51:41.529" endtime="20220506 02:51:41.529"/>
</kw>
<status status="FAIL" starttime="20220506 02:51:32.091" endtime="20220506 02:51:41.531">Title should have been 'Agoda Official Site | Free Cancellation &amp; Booking Deals | Over 2 Million Hotels' but was ''.</status>
</test>
<test id="s1-t3" name="Testcase3-Textboxenabled" line="18">
<kw name="Open Browser" library="SeleniumLibrary">
<arg>${url}</arg>
<arg>${browser}</arg>
<doc>Opens a new browser instance to the optional ``url``.</doc>
<msg timestamp="20220506 02:51:41.540" level="INFO">Opening browser 'chrome' to base url 'https://agoda.com'.</msg>
<status status="PASS" starttime="20220506 02:51:41.539" endtime="20220506 02:51:59.578"/>
</kw>
<kw name="Title Should Be" library="SeleniumLibrary">
<arg>Agoda Official Site | Free Cancellation &amp; Booking Deals | Over 2 Million Hotels</arg>
<doc>Verifies that the current page title equals ``title``.</doc>
<msg timestamp="20220506 02:51:59.617" level="INFO">Page title is 'Agoda Official Site | Free Cancellation &amp; Booking Deals | Over 2 Million Hotels'.</msg>
<status status="PASS" starttime="20220506 02:51:59.579" endtime="20220506 02:51:59.617"/>
</kw>
<kw name="Wait Until Element Is Visible" library="SeleniumLibrary">
<arg>xpath://*[@id="SearchBoxContainer"]/div[1]/div/div[2]/div/div/div[1]/div/div/input</arg>
<doc>Waits until the element ``locator`` is visible.</doc>
<status status="PASS" starttime="20220506 02:51:59.618" endtime="20220506 02:51:59.727"/>
</kw>
<kw name="Close Browser" library="SeleniumLibrary">
<doc>Closes the current browser.</doc>
<status status="PASS" starttime="20220506 02:51:59.728" endtime="20220506 02:52:02.529"/>
</kw>
<status status="PASS" starttime="20220506 02:51:41.536" endtime="20220506 02:52:02.531"/>
</test>
<test id="s1-t4" name="Testcase4-Inputtext" line="24">
<kw name="Open Browser" library="SeleniumLibrary">
<arg>${url}</arg>
<arg>${browser}</arg>
<doc>Opens a new browser instance to the optional ``url``.</doc>
<msg timestamp="20220506 02:52:02.540" level="INFO">Opening browser 'chrome' to base url 'https://agoda.com'.</msg>
<status status="PASS" starttime="20220506 02:52:02.539" endtime="20220506 02:52:16.063"/>
</kw>
<kw name="Title Should Be" library="SeleniumLibrary">
<arg>Agoda Official Site | Free Cancellation &amp; Booking Deals | Over 2 Million Hotels</arg>
<doc>Verifies that the current page title equals ``title``.</doc>
<msg timestamp="20220506 02:52:20.663" level="INFO" html="true">&lt;/td&gt;&lt;/tr&gt;&lt;tr&gt;&lt;td colspan="3"&gt;&lt;a href="selenium-screenshot-5.png"&gt;&lt;img src="selenium-screenshot-5.png" width="800px"&gt;&lt;/a&gt;</msg>
<msg timestamp="20220506 02:52:20.665" level="FAIL">Title should have been 'Agoda Official Site | Free Cancellation &amp; Booking Deals | Over 2 Million Hotels' but was ''.</msg>
<status status="FAIL" starttime="20220506 02:52:16.067" endtime="20220506 02:52:20.666"/>
</kw>
<kw name="Wait Until Element Is Visible" library="SeleniumLibrary">
<arg>xpath://*[@id="SearchBoxContainer"]/div[1]/div/div[2]/div/div/div[1]/div/div/input</arg>
<doc>Waits until the element ``locator`` is visible.</doc>
<status status="NOT RUN" starttime="20220506 02:52:20.668" endtime="20220506 02:52:20.668"/>
</kw>
<kw name="Input Text" library="SeleniumLibrary">
<arg>xpath://*[@id="SearchBoxContainer"]/div[1]/div/div[2]/div/div/div[1]/div/div/input</arg>
<arg>kampar</arg>
<doc>Types the given ``text`` into the text field identified by ``locator``.</doc>
<status status="NOT RUN" starttime="20220506 02:52:20.682" endtime="20220506 02:52:20.684"/>
</kw>
<kw name="Click Button" library="SeleniumLibrary">
<arg>xpath://*[@id="SearchBoxContainer"]/div[2]/button</arg>
<doc>Clicks the button identified by ``locator``.</doc>
<status status="NOT RUN" starttime="20220506 02:52:20.689" endtime="20220506 02:52:20.689"/>
</kw>
<kw name="Close Browser" library="SeleniumLibrary">
<doc>Closes the current browser.</doc>
<status status="NOT RUN" starttime="20220506 02:52:20.692" endtime="20220506 02:52:20.692"/>
</kw>
<status status="FAIL" starttime="20220506 02:52:02.537" endtime="20220506 02:52:20.695">Title should have been 'Agoda Official Site | Free Cancellation &amp; Booking Deals | Over 2 Million Hotels' but was ''.</status>
</test>
<test id="s1-t5" name="Testcase5-waitradiobutton" line="32">
<kw name="Open Browser" library="SeleniumLibrary">
<arg>${url}</arg>
<arg>${browser}</arg>
<doc>Opens a new browser instance to the optional ``url``.</doc>
<msg timestamp="20220506 02:52:20.713" level="INFO">Opening browser 'chrome' to base url 'https://agoda.com'.</msg>
<status status="PASS" starttime="20220506 02:52:20.710" endtime="20220506 02:52:37.567"/>
</kw>
<kw name="Title Should Be" library="SeleniumLibrary">
<arg>Agoda Official Site | Free Cancellation &amp; Booking Deals | Over 2 Million Hotels</arg>
<doc>Verifies that the current page title equals ``title``.</doc>
<msg timestamp="20220506 02:52:40.720" level="WARN">Keyword 'Capture Page Screenshot' could not be run on failure: Message: unknown error: cannot activate web view
  (Session info: chrome=101.0.4951.54)
Stacktrace:
Backtrace:
	Ordinal0 [0x0060B8F3+2406643]
	Ordinal0 [0x0059AF31+1945393]
	Ordinal0 [0x0048C748+837448]
	Ordinal0 [0x00481B54+793428]
	Ordinal0 [0x0047733E+750398]
	Ordinal0 [0x004EE80E+1239054]
	Ordinal0 [0x004D427C+1131132]
	Ordinal0 [0x004E4682+1197698]
	Ordinal0 [0x004D4096+1130646]
	Ordinal0 [0x004AE636+976438]
	Ordinal0 [0x004AF546+980294]
	GetHandleVerifier [0x00879612+2498066]
	GetHandleVerifier [0x0086C920+2445600]
	GetHandleVerifier [0x006A4F2A+579370]
	GetHandleVerifier [0x006A3D36+574774]
	Ordinal0 [0x005A1C0B+1973259]
	Ordinal0 [0x005A6688+1992328]
	Ordinal0 [0x005A6775+1992565]
	Ordinal0 [0x005AF8D1+2029777]
	BaseThreadInitThunk [0x767EFA29+25]
	RtlGetAppContainerNamedObjectPath [0x77B37A7E+286]
	RtlGetAppContainerNamedObjectPath [0x77B37A4E+238]
</msg>
<msg timestamp="20220506 02:52:40.789" level="FAIL">Title should have been 'Agoda Official Site | Free Cancellation &amp; Booking Deals | Over 2 Million Hotels' but was ''.</msg>
<status status="FAIL" starttime="20220506 02:52:37.572" endtime="20220506 02:52:40.791"/>
</kw>
<kw name="Wait Until Element Is Visible" library="SeleniumLibrary">
<arg>xpath://*[@id="SearchBoxContainer"]/div[1]/div/div[2]/div/div/div[1]/div/div/input</arg>
<doc>Waits until the element ``locator`` is visible.</doc>
<status status="NOT RUN" starttime="20220506 02:52:40.800" endtime="20220506 02:52:40.800"/>
</kw>
<kw name="Input Text" library="SeleniumLibrary">
<arg>xpath://*[@id="SearchBoxContainer"]/div[1]/div/div[2]/div/div/div[1]/div/div/input</arg>
<arg>kampar</arg>
<doc>Types the given ``text`` into the text field identified by ``locator``.</doc>
<status status="NOT RUN" starttime="20220506 02:52:40.802" endtime="20220506 02:52:40.802"/>
</kw>
<kw name="Click Button" library="SeleniumLibrary">
<arg>xpath://*[@id="SearchBoxContainer"]/div[2]/button</arg>
<doc>Clicks the button identified by ``locator``.</doc>
<status status="NOT RUN" starttime="20220506 02:52:40.803" endtime="20220506 02:52:40.804"/>
</kw>
<kw name="Sleep" library="BuiltIn">
<arg>3</arg>
<doc>Pauses the test executed for the given time.</doc>
<status status="NOT RUN" starttime="20220506 02:52:40.805" endtime="20220506 02:52:40.805"/>
</kw>
<kw name="Wait Until Element Is Enabled" library="SeleniumLibrary">
<arg>xpath://*[@id="searchPageLeftColumn"]/div[2]/div[1]/div[2]/ul/li[3]/span</arg>
<doc>Waits until the element ``locator`` is enabled.</doc>
<status status="NOT RUN" starttime="20220506 02:52:40.807" endtime="20220506 02:52:40.807"/>
</kw>
<kw name="Close Browser" library="SeleniumLibrary">
<doc>Closes the current browser.</doc>
<status status="NOT RUN" starttime="20220506 02:52:40.812" endtime="20220506 02:52:40.812"/>
</kw>
<status status="FAIL" starttime="20220506 02:52:20.708" endtime="20220506 02:52:40.814">Title should have been 'Agoda Official Site | Free Cancellation &amp; Booking Deals | Over 2 Million Hotels' but was ''.</status>
</test>
<test id="s1-t6" name="Testcase6-checkbox" line="42">
<kw name="Open Browser" library="SeleniumLibrary">
<arg>${url}</arg>
<arg>${browser}</arg>
<doc>Opens a new browser instance to the optional ``url``.</doc>
<msg timestamp="20220506 02:52:40.917" level="INFO">Opening browser 'chrome' to base url 'https://agoda.com'.</msg>
<status status="PASS" starttime="20220506 02:52:40.915" endtime="20220506 02:52:50.591"/>
</kw>
<kw name="Title Should Be" library="SeleniumLibrary">
<arg>Agoda Official Site | Free Cancellation &amp; Booking Deals | Over 2 Million Hotels</arg>
<doc>Verifies that the current page title equals ``title``.</doc>
<msg timestamp="20220506 02:52:54.086" level="INFO" html="true">&lt;/td&gt;&lt;/tr&gt;&lt;tr&gt;&lt;td colspan="3"&gt;&lt;a href="selenium-screenshot-6.png"&gt;&lt;img src="selenium-screenshot-6.png" width="800px"&gt;&lt;/a&gt;</msg>
<msg timestamp="20220506 02:52:54.087" level="FAIL">Title should have been 'Agoda Official Site | Free Cancellation &amp; Booking Deals | Over 2 Million Hotels' but was ''.</msg>
<status status="FAIL" starttime="20220506 02:52:50.592" endtime="20220506 02:52:54.088"/>
</kw>
<kw name="Wait Until Element Is Visible" library="SeleniumLibrary">
<arg>xpath://*[@id="SearchBoxContainer"]/div[1]/div/div[2]/div/div/div[1]/div/div/input</arg>
<doc>Waits until the element ``locator`` is visible.</doc>
<status status="NOT RUN" starttime="20220506 02:52:54.092" endtime="20220506 02:52:54.092"/>
</kw>
<kw name="Input Text" library="SeleniumLibrary">
<arg>xpath://*[@id="SearchBoxContainer"]/div[1]/div/div[2]/div/div/div[1]/div/div/input</arg>
<arg>kampar</arg>
<doc>Types the given ``text`` into the text field identified by ``locator``.</doc>
<status status="NOT RUN" starttime="20220506 02:52:54.093" endtime="20220506 02:52:54.094"/>
</kw>
<kw name="Click Button" library="SeleniumLibrary">
<arg>xpath://*[@id="SearchBoxContainer"]/div[2]/button</arg>
<doc>Clicks the button identified by ``locator``.</doc>
<status status="NOT RUN" starttime="20220506 02:52:54.108" endtime="20220506 02:52:54.108"/>
</kw>
<kw name="Sleep" library="BuiltIn">
<arg>3</arg>
<doc>Pauses the test executed for the given time.</doc>
<status status="NOT RUN" starttime="20220506 02:52:54.114" endtime="20220506 02:52:54.115"/>
</kw>
<kw name="Wait Until Element Is Enabled" library="SeleniumLibrary">
<arg>xpath://*[@id="searchPageLeftColumn"]/div[2]/div[1]/div[2]/ul/li[3]/span</arg>
<doc>Waits until the element ``locator`` is enabled.</doc>
<status status="NOT RUN" starttime="20220506 02:52:54.119" endtime="20220506 02:52:54.119"/>
</kw>
<kw name="Click Element" library="SeleniumLibrary">
<arg>xpath://*[@id="searchPageLeftColumn"]/div[2]/div[1]/div[2]/ul/li[1]/span/span[2]/span/span</arg>
<doc>Click the element identified by ``locator``.</doc>
<status status="NOT RUN" starttime="20220506 02:52:54.121" endtime="20220506 02:52:54.121"/>
</kw>
<kw name="Close Browser" library="SeleniumLibrary">
<doc>Closes the current browser.</doc>
<status status="NOT RUN" starttime="20220506 02:52:54.123" endtime="20220506 02:52:54.123"/>
</kw>
<status status="FAIL" starttime="20220506 02:52:40.833" endtime="20220506 02:52:54.126">Title should have been 'Agoda Official Site | Free Cancellation &amp; Booking Deals | Over 2 Million Hotels' but was ''.</status>
</test>
<status status="FAIL" starttime="20220506 02:51:20.452" endtime="20220506 02:52:54.144"/>
</suite>
<statistics>
<total>
<stat pass="2" fail="4" skip="0">All Tests</stat>
</total>
<tag>
</tag>
<suite>
<stat pass="2" fail="4" skip="0" id="s1" name="Agoda">Agoda</stat>
</suite>
</statistics>
<errors>
<msg timestamp="20220506 02:52:40.720" level="WARN">Keyword 'Capture Page Screenshot' could not be run on failure: Message: unknown error: cannot activate web view
  (Session info: chrome=101.0.4951.54)
Stacktrace:
Backtrace:
	Ordinal0 [0x0060B8F3+2406643]
	Ordinal0 [0x0059AF31+1945393]
	Ordinal0 [0x0048C748+837448]
	Ordinal0 [0x00481B54+793428]
	Ordinal0 [0x0047733E+750398]
	Ordinal0 [0x004EE80E+1239054]
	Ordinal0 [0x004D427C+1131132]
	Ordinal0 [0x004E4682+1197698]
	Ordinal0 [0x004D4096+1130646]
	Ordinal0 [0x004AE636+976438]
	Ordinal0 [0x004AF546+980294]
	GetHandleVerifier [0x00879612+2498066]
	GetHandleVerifier [0x0086C920+2445600]
	GetHandleVerifier [0x006A4F2A+579370]
	GetHandleVerifier [0x006A3D36+574774]
	Ordinal0 [0x005A1C0B+1973259]
	Ordinal0 [0x005A6688+1992328]
	Ordinal0 [0x005A6775+1992565]
	Ordinal0 [0x005AF8D1+2029777]
	BaseThreadInitThunk [0x767EFA29+25]
	RtlGetAppContainerNamedObjectPath [0x77B37A7E+286]
	RtlGetAppContainerNamedObjectPath [0x77B37A4E+238]
</msg>
</errors>
</robot>
